# JRE version: OpenJDK Runtime Environment (8.0_152-b02) (build 1.8.0_152-release-1024-b02)
# Java VM: OpenJDK 64-Bit Server VM (25.152-b02 mixed mode windows-amd64 compressed oops)
Heap:
 PSYoungGen      total 354304K, used 42984K [0x00000000e0000000, 0x0000000100000000, 0x0000000100000000)
  eden space 311296K, 0% used [0x00000000e0000000,0x00000000e0000000,0x00000000f3000000)
  from space 43008K, 99% used [0x00000000fd600000,0x00000000ffffa078,0x0000000100000000)
  to   space 106496K, 0% used [0x00000000f3000000,0x00000000f3000000,0x00000000f9800000)
 ParOldGen       total 391680K, used 336729K [0x00000000a0000000, 0x00000000b7e80000, 0x00000000e0000000)
  object space 391680K, 85% used [0x00000000a0000000,0x00000000b48d6478,0x00000000b7e80000)
 Metaspace       used 96322K, capacity 102604K, committed 102744K, reserved 1138688K
  class space    used 11996K, capacity 13092K, committed 13184K, reserved 1048576K
GC Heap History (10 events):
Event: 1874.712 GC heap after
Heap after GC invocations=61 (full 5):
 PSYoungGen      total 473088K, used 13888K [0x00000000e0000000, 0x00000000ff900000, 0x0000000100000000)
  eden space 437248K, 0% used [0x00000000e0000000,0x00000000e0000000,0x00000000fab00000)
  from space 35840K, 38% used [0x00000000fd600000,0x00000000fe390000,0x00000000ff900000)
  to   space 39936K, 0% used [0x00000000fab00000,0x00000000fab00000,0x00000000fd200000)
 ParOldGen       total 391680K, used 192358K [0x00000000a0000000, 0x00000000b7e80000, 0x00000000e0000000)
  object space 391680K, 49% used [0x00000000a0000000,0x00000000abbd9950,0x00000000b7e80000)
 Metaspace       used 95929K, capacity 102146K, committed 102488K, reserved 1138688K
  class space    used 11979K, capacity 13058K, committed 13184K, reserved 1048576K
}
Event: 1878.262 GC heap before
{Heap before GC invocations=62 (full 5):
 PSYoungGen      total 473088K, used 451132K [0x00000000e0000000, 0x00000000ff900000, 0x0000000100000000)
  eden space 437248K, 99% used [0x00000000e0000000,0x00000000faaff370,0x00000000fab00000)
  from space 35840K, 38% used [0x00000000fd600000,0x00000000fe390000,0x00000000ff900000)
  to   space 39936K, 0% used [0x00000000fab00000,0x00000000fab00000,0x00000000fd200000)
 ParOldGen       total 391680K, used 192358K [0x00000000a0000000, 0x00000000b7e80000, 0x00000000e0000000)
  object space 391680K, 49% used [0x00000000a0000000,0x00000000abbd9950,0x00000000b7e80000)
 Metaspace       used 96186K, capacity 102504K, committed 102744K, reserved 1138688K
  class space    used 11995K, capacity 13092K, committed 13184K, reserved 1048576K
Event: 1878.267 GC heap after
Heap after GC invocations=62 (full 5):
 PSYoungGen      total 477184K, used 3425K [0x00000000e0000000, 0x0000000100000000, 0x0000000100000000)
  eden space 437248K, 0% used [0x00000000e0000000,0x00000000e0000000,0x00000000fab00000)
  from space 39936K, 8% used [0x00000000fab00000,0x00000000fae58488,0x00000000fd200000)
  to   space 38912K, 0% used [0x00000000fda00000,0x00000000fda00000,0x0000000100000000)
 ParOldGen       total 391680K, used 192366K [0x00000000a0000000, 0x00000000b7e80000, 0x00000000e0000000)
  object space 391680K, 49% used [0x00000000a0000000,0x00000000abbdb950,0x00000000b7e80000)
 Metaspace       used 96186K, capacity 102504K, committed 102744K, reserved 1138688K
  class space    used 11995K, capacity 13092K, committed 13184K, reserved 1048576K
}
Event: 1882.089 GC heap before
{Heap before GC invocations=63 (full 5):
 PSYoungGen      total 477184K, used 440673K [0x00000000e0000000, 0x0000000100000000, 0x0000000100000000)
  eden space 437248K, 100% used [0x00000000e0000000,0x00000000fab00000,0x00000000fab00000)
  from space 39936K, 8% used [0x00000000fab00000,0x00000000fae58488,0x00000000fd200000)
  to   space 38912K, 0% used [0x00000000fda00000,0x00000000fda00000,0x0000000100000000)
 ParOldGen       total 391680K, used 192366K [0x00000000a0000000, 0x00000000b7e80000, 0x00000000e0000000)
  object space 391680K, 49% used [0x00000000a0000000,0x00000000abbdb950,0x00000000b7e80000)
 Metaspace       used 96292K, capacity 102600K, committed 102744K, reserved 1138688K
  class space    used 11996K, capacity 13092K, committed 13184K, reserved 1048576K
Event: 1882.098 GC heap after
Heap after GC invocations=63 (full 5):
 PSYoungGen      total 477184K, used 29280K [0x00000000e0000000, 0x0000000100000000, 0x0000000100000000)
  eden space 438272K, 0% used [0x00000000e0000000,0x00000000e0000000,0x00000000fac00000)
  from space 38912K, 75% used [0x00000000fda00000,0x00000000ff6981c0,0x0000000100000000)
  to   space 43008K, 0% used [0x00000000fac00000,0x00000000fac00000,0x00000000fd600000)
 ParOldGen       total 391680K, used 192374K [0x00000000a0000000, 0x00000000b7e80000, 0x00000000e0000000)
  object space 391680K, 49% used [0x00000000a0000000,0x00000000abbdd950,0x00000000b7e80000)
 Metaspace       used 96292K, capacity 102600K, committed 102744K, reserved 1138688K
  class space    used 11996K, capacity 13092K, committed 13184K, reserved 1048576K
}
Event: 1884.059 GC heap before
{Heap before GC invocations=64 (full 5):
 PSYoungGen      total 477184K, used 460502K [0x00000000e0000000, 0x0000000100000000, 0x0000000100000000)
  eden space 438272K, 98% used [0x00000000e0000000,0x00000000fa51d690,0x00000000fac00000)
  from space 38912K, 75% used [0x00000000fda00000,0x00000000ff6981c0,0x0000000100000000)
  to   space 43008K, 0% used [0x00000000fac00000,0x00000000fac00000,0x00000000fd600000)
 ParOldGen       total 391680K, used 192374K [0x00000000a0000000, 0x00000000b7e80000, 0x00000000e0000000)
  object space 391680K, 49% used [0x00000000a0000000,0x00000000abbdd950,0x00000000b7e80000)
 Metaspace       used 96303K, capacity 102604K, committed 102744K, reserved 1138688K
  class space    used 11996K, capacity 13092K, committed 13184K, reserved 1048576K
Event: 1884.123 GC heap after
Heap after GC invocations=64 (full 5):
 PSYoungGen      total 481280K, used 42992K [0x00000000e0000000, 0x0000000100000000, 0x0000000100000000)
  eden space 438272K, 0% used [0x00000000e0000000,0x00000000e0000000,0x00000000fac00000)
  from space 43008K, 99% used [0x00000000fac00000,0x00000000fd5fc1a0,0x00000000fd600000)
  to   space 43008K, 0% used [0x00000000fd600000,0x00000000fd600000,0x0000000100000000)
 ParOldGen       total 391680K, used 254838K [0x00000000a0000000, 0x00000000b7e80000, 0x00000000e0000000)
  object space 391680K, 65% used [0x00000000a0000000,0x00000000af8dd898,0x00000000b7e80000)
 Metaspace       used 96303K, capacity 102604K, committed 102744K, reserved 1138688K
  class space    used 11996K, capacity 13092K, committed 13184K, reserved 1048576K
}
Event: 1886.344 GC heap before
{Heap before GC invocations=65 (full 5):
 PSYoungGen      total 481280K, used 481264K [0x00000000e0000000, 0x0000000100000000, 0x0000000100000000)
  eden space 438272K, 100% used [0x00000000e0000000,0x00000000fac00000,0x00000000fac00000)
  from space 43008K, 99% used [0x00000000fac00000,0x00000000fd5fc1a0,0x00000000fd600000)
  to   space 43008K, 0% used [0x00000000fd600000,0x00000000fd600000,0x0000000100000000)
 ParOldGen       total 391680K, used 254838K [0x00000000a0000000, 0x00000000b7e80000, 0x00000000e0000000)
  object space 391680K, 65% used [0x00000000a0000000,0x00000000af8dd898,0x00000000b7e80000)
 Metaspace       used 96322K, capacity 102604K, committed 102744K, reserved 1138688K
  class space    used 11996K, capacity 13092K, committed 13184K, reserved 1048576K
Event: 1886.454 GC heap after
Heap after GC invocations=65 (full 5):
 PSYoungGen      total 354304K, used 42984K [0x00000000e0000000, 0x0000000100000000, 0x0000000100000000)
  eden space 311296K, 0% used [0x00000000e0000000,0x00000000e0000000,0x00000000f3000000)
  from space 43008K, 99% used [0x00000000fd600000,0x00000000ffffa078,0x0000000100000000)
  to   space 106496K, 0% used [0x00000000f3000000,0x00000000f3000000,0x00000000f9800000)
 ParOldGen       total 391680K, used 336729K [0x00000000a0000000, 0x00000000b7e80000, 0x00000000e0000000)
  object space 391680K, 85% used [0x00000000a0000000,0x00000000b48d6478,0x00000000b7e80000)
 Metaspace       used 96322K, capacity 102604K, committed 102744K, reserved 1138688K
  class space    used 11996K, capacity 13092K, committed 13184K, reserved 1048576K
}
Event: 1886.454 GC heap before
{Heap before GC invocations=66 (full 6):
 PSYoungGen      total 354304K, used 42984K [0x00000000e0000000, 0x0000000100000000, 0x0000000100000000)
  eden space 311296K, 0% used [0x00000000e0000000,0x00000000e0000000,0x00000000f3000000)
  from space 43008K, 99% used [0x00000000fd600000,0x00000000ffffa078,0x0000000100000000)
  to   space 106496K, 0% used [0x00000000f3000000,0x00000000f3000000,0x00000000f9800000)
 ParOldGen       total 391680K, used 336729K [0x00000000a0000000, 0x00000000b7e80000, 0x00000000e0000000)
  object space 391680K, 85% used [0x00000000a0000000,0x00000000b48d6478,0x00000000b7e80000)
 Metaspace       used 96322K, capacity 102604K, committed 102744K, reserved 1138688K
  class space    used 11996K, capacity 13092K, committed 13184K, reserved 1048576K

